[ 2015-04-27T16:18:00+08:00 ] 127.0.0.1 /my_project/lab_manage/youyulabmanage/3/index.php
INFO: [ app_init ] --START--
INFO: Run Behavior\BuildLiteBehavior [ RunTime:0.000012s ]
INFO: [ app_init ] --END-- [ RunTime:0.000082s ]
INFO: [ app_begin ] --START--
INFO: Run Behavior\ReadHtmlCacheBehavior [ RunTime:0.000033s ]
INFO: [ app_begin ] --END-- [ RunTime:0.000066s ]
SQL: SHOW COLUMNS FROM `textyouyu_config` [ RunTime:0.0007s ]
SQL: SELECT `type`,`name`,`value` FROM `textyouyu_config` WHERE `status` = 1  [ RunTime:0.0002s ]
SQL: SHOW COLUMNS FROM `textyouyu_menu` [ RunTime:0.0006s ]
SQL: SELECT * FROM `textyouyu_menu` WHERE `pid` = 0 AND `status` = 1 ORDER BY sort  [ RunTime:0.0003s ]
SQL: SHOW COLUMNS FROM `textyouyu_lab_top` [ RunTime:0.0006s ]
SQL: SELECT * FROM `textyouyu_lab_top` WHERE ( status=1 AND class=1 ) ORDER BY sort LIMIT 3   [ RunTime:0.0002s ]
SQL: SELECT * FROM `textyouyu_lab_top` WHERE ( status=1 AND class=2 ) ORDER BY sort LIMIT 3   [ RunTime:0.0001s ]
SQL: SELECT * FROM `textyouyu_lab_top` WHERE ( status=1 AND class=3 ) ORDER BY sort  [ RunTime:0.0002s ]
INFO: [ view_parse ] --START--
INFO: [ template_filter ] --START--
INFO: Run Behavior\ContentReplaceBehavior [ RunTime:0.000068s ]
INFO: [ template_filter ] --END-- [ RunTime:0.000099s ]
NOTIC: [8] Undefined index: active /var/www/html/my_project/lab_manage/youyulabmanage/3/Runtime/Cache/Home/00e52909bed743ea261af4b6823297ff.php 第 47 行.
NOTIC: [8] Undefined index: active /var/www/html/my_project/lab_manage/youyulabmanage/3/Runtime/Cache/Home/00e52909bed743ea261af4b6823297ff.php 第 47 行.
NOTIC: [8] Undefined index: active /var/www/html/my_project/lab_manage/youyulabmanage/3/Runtime/Cache/Home/00e52909bed743ea261af4b6823297ff.php 第 47 行.
NOTIC: [8] Undefined index: active /var/www/html/my_project/lab_manage/youyulabmanage/3/Runtime/Cache/Home/00e52909bed743ea261af4b6823297ff.php 第 47 行.
NOTIC: [8] Undefined index: active /var/www/html/my_project/lab_manage/youyulabmanage/3/Runtime/Cache/Home/00e52909bed743ea261af4b6823297ff.php 第 47 行.
NOTIC: [8] Undefined index: active /var/www/html/my_project/lab_manage/youyulabmanage/3/Runtime/Cache/Home/00e52909bed743ea261af4b6823297ff.php 第 47 行.
NOTIC: [8] Undefined index: user /var/www/html/my_project/lab_manage/youyulabmanage/3/Runtime/Cache/Home/00e52909bed743ea261af4b6823297ff.php 第 50 行.
SQL: SHOW COLUMNS FROM `textyouyu_picture` [ RunTime:0.0004s ]
SQL: SELECT `path` FROM `textyouyu_picture` WHERE `id` = 1 LIMIT 1   [ RunTime:0.0002s ]
SQL: SELECT `path` FROM `textyouyu_picture` WHERE `id` = 2 LIMIT 1   [ RunTime:0.0001s ]
SQL: SELECT `path` FROM `textyouyu_picture` WHERE `id` = 3 LIMIT 1   [ RunTime:0.0001s ]
SQL: SELECT `path` FROM `textyouyu_picture` WHERE `id` = 4 LIMIT 1   [ RunTime:0.0001s ]
SQL: SELECT `path` FROM `textyouyu_picture` WHERE `id` = 5 LIMIT 1   [ RunTime:0.0001s ]
SQL: SELECT `path` FROM `textyouyu_picture` WHERE `id` = 6 LIMIT 1   [ RunTime:0.0001s ]
SQL: SELECT `path` FROM `textyouyu_picture` WHERE `id` = 7 LIMIT 1   [ RunTime:0.0001s ]
SQL: SELECT `path` FROM `textyouyu_picture` WHERE `id` = 8 LIMIT 1   [ RunTime:0.0001s ]
INFO: Run Behavior\ParseTemplateBehavior [ RunTime:0.008478s ]
INFO: [ view_parse ] --END-- [ RunTime:0.008504s ]
INFO: [ view_filter ] --START--
INFO: Run Behavior\WriteHtmlCacheBehavior [ RunTime:0.000033s ]
INFO: [ view_filter ] --END-- [ RunTime:0.000050s ]
INFO: [ app_end ] --START--
INFO: Run Behavior\ShowPageTraceBehavior [ RunTime:0.000029s ]
INFO: [ app_end ] --END-- [ RunTime:0.000049s ]

[ 2015-04-27T16:18:04+08:00 ] 127.0.0.1 /my_project/lab_manage/youyulabmanage/3/index.php/Home/index/news.html
INFO: [ app_init ] --START--
INFO: Run Behavior\BuildLiteBehavior [ RunTime:0.000008s ]
INFO: [ app_init ] --END-- [ RunTime:0.000051s ]
INFO: [ app_begin ] --START--
INFO: Run Behavior\ReadHtmlCacheBehavior [ RunTime:0.000022s ]
INFO: [ app_begin ] --END-- [ RunTime:0.000041s ]
SQL: SHOW COLUMNS FROM `textyouyu_config` [ RunTime:0.0004s ]
SQL: SELECT `type`,`name`,`value` FROM `textyouyu_config` WHERE `status` = 1  [ RunTime:0.0001s ]
SQL: SHOW COLUMNS FROM `textyouyu_menu` [ RunTime:0.0003s ]
SQL: SELECT * FROM `textyouyu_menu` WHERE `pid` = 0 AND `status` = 1 ORDER BY sort  [ RunTime:0.0001s ]
SQL: SELECT * FROM `textyouyu_menu` WHERE `pid` = 2 AND `status` = 1 ORDER BY sort  [ RunTime:0.0001s ]
SQL: SHOW COLUMNS FROM `textyouyu_document` [ RunTime:0.0006s ]
SQL: SHOW COLUMNS FROM `textyouyu_document_article` [ RunTime:0.0004s ]
SQL: SELECT COUNT(*) AS tp_count FROM textyouyu_document document  JOIN textyouyu_document_article document_article ON document.id=document_article.document_id  JOIN textyouyu_menu menu ON document.menu_id=menu.id WHERE document.display = 1 AND menu.pid = 2 LIMIT 1   [ RunTime:0.0002s ]
SQL: SELECT document.id AS id,document.username AS username,document.title AS title,document.menu_id AS menu_id,document.display AS display,document.view AS view,document.create_time AS create_time,document.update_time AS update_time,document.description AS description,document.cover_id AS cover_id,document.status AS status,document.position AS position,document_article.document_id AS document_id,document_article.content AS content,menu.id AS mid,menu.pid AS pid FROM textyouyu_document document  JOIN textyouyu_document_article document_article ON document.id=document_article.document_id  JOIN textyouyu_menu menu ON document.menu_id=menu.id WHERE document.display = 1 AND menu.pid = 2 ORDER BY document.update_time desc LIMIT 0,10   [ RunTime:0.0003s ]
SQL: SHOW COLUMNS FROM `textyouyu_config` [ RunTime:0.0003s ]
SQL: SELECT `value` FROM `textyouyu_config` WHERE ( name="NEWS_SIDEBAR" ) LIMIT 1   [ RunTime:0.0001s ]
INFO: [ view_parse ] --START--
INFO: [ template_filter ] --START--
INFO: Run Behavior\ContentReplaceBehavior [ RunTime:0.000050s ]
INFO: [ template_filter ] --END-- [ RunTime:0.000073s ]
NOTIC: [8] Undefined index: active /var/www/html/my_project/lab_manage/youyulabmanage/3/Runtime/Cache/Home/93ea0b833cbf5676d08ab43c6351656b.php 第 47 行.
NOTIC: [8] Undefined index: active /var/www/html/my_project/lab_manage/youyulabmanage/3/Runtime/Cache/Home/93ea0b833cbf5676d08ab43c6351656b.php 第 47 行.
NOTIC: [8] Undefined index: active /var/www/html/my_project/lab_manage/youyulabmanage/3/Runtime/Cache/Home/93ea0b833cbf5676d08ab43c6351656b.php 第 47 行.
NOTIC: [8] Undefined index: active /var/www/html/my_project/lab_manage/youyulabmanage/3/Runtime/Cache/Home/93ea0b833cbf5676d08ab43c6351656b.php 第 47 行.
NOTIC: [8] Undefined index: active /var/www/html/my_project/lab_manage/youyulabmanage/3/Runtime/Cache/Home/93ea0b833cbf5676d08ab43c6351656b.php 第 47 行.
NOTIC: [8] Undefined index: active /var/www/html/my_project/lab_manage/youyulabmanage/3/Runtime/Cache/Home/93ea0b833cbf5676d08ab43c6351656b.php 第 47 行.
NOTIC: [8] Undefined index: user /var/www/html/my_project/lab_manage/youyulabmanage/3/Runtime/Cache/Home/93ea0b833cbf5676d08ab43c6351656b.php 第 50 行.
NOTIC: [8] Undefined index: active /var/www/html/my_project/lab_manage/youyulabmanage/3/Runtime/Cache/Home/93ea0b833cbf5676d08ab43c6351656b.php 第 137 行.
NOTIC: [8] Undefined index: active /var/www/html/my_project/lab_manage/youyulabmanage/3/Runtime/Cache/Home/93ea0b833cbf5676d08ab43c6351656b.php 第 137 行.
SQL: SELECT `name` FROM `textyouyu_menu` WHERE `id` = 9 LIMIT 1   [ RunTime:0.0001s ]
SQL: SELECT `name` FROM `textyouyu_menu` WHERE `id` = 8 LIMIT 1   [ RunTime:0.0001s ]
INFO: Run Behavior\ParseTemplateBehavior [ RunTime:0.004569s ]
INFO: [ view_parse ] --END-- [ RunTime:0.004591s ]
INFO: [ view_filter ] --START--
INFO: Run Behavior\WriteHtmlCacheBehavior [ RunTime:0.000026s ]
INFO: [ view_filter ] --END-- [ RunTime:0.000040s ]
INFO: [ app_end ] --START--
INFO: Run Behavior\ShowPageTraceBehavior [ RunTime:0.000023s ]
INFO: [ app_end ] --END-- [ RunTime:0.000039s ]

[ 2015-04-27T16:18:05+08:00 ] 127.0.0.1 /my_project/lab_manage/youyulabmanage/3/index.php/Home/index/project.html
INFO: [ app_init ] --START--
INFO: Run Behavior\BuildLiteBehavior [ RunTime:0.000006s ]
INFO: [ app_init ] --END-- [ RunTime:0.000042s ]
INFO: [ app_begin ] --START--
INFO: Run Behavior\ReadHtmlCacheBehavior [ RunTime:0.000015s ]
INFO: [ app_begin ] --END-- [ RunTime:0.000032s ]
SQL: SHOW COLUMNS FROM `textyouyu_config` [ RunTime:0.0004s ]
SQL: SELECT `type`,`name`,`value` FROM `textyouyu_config` WHERE `status` = 1  [ RunTime:0.0000s ]
SQL: SHOW COLUMNS FROM `textyouyu_menu` [ RunTime:0.0003s ]
SQL: SELECT * FROM `textyouyu_menu` WHERE `pid` = 0 AND `status` = 1 ORDER BY sort  [ RunTime:0.0001s ]
SQL: SHOW COLUMNS FROM `textyouyu_document` [ RunTime:0.0003s ]
SQL: SELECT COUNT(*) AS tp_count FROM `textyouyu_document` WHERE ( status=1 AND menu_id=3 AND display=1 ) LIMIT 1   [ RunTime:0.0002s ]
SQL: SELECT `id`,`username`,`title`,`menu_id`,`description`,`position`,`display`,`cover_id`,`show_url`,`view`,`comment`,`create_time`,`update_time`,`status` FROM `textyouyu_document` WHERE ( status=1 AND menu_id=3 AND display=1 ) ORDER BY update_time desc LIMIT 0,10   [ RunTime:0.0003s ]
INFO: [ view_parse ] --START--
INFO: [ template_filter ] --START--
INFO: Run Behavior\ContentReplaceBehavior [ RunTime:0.000104s ]
INFO: [ template_filter ] --END-- [ RunTime:0.000170s ]
NOTIC: [8] Undefined index: active /var/www/html/my_project/lab_manage/youyulabmanage/3/Runtime/Cache/Home/3bdf715a388a5c81805662bacbf51cef.php 第 47 行.
NOTIC: [8] Undefined index: active /var/www/html/my_project/lab_manage/youyulabmanage/3/Runtime/Cache/Home/3bdf715a388a5c81805662bacbf51cef.php 第 47 行.
NOTIC: [8] Undefined index: active /var/www/html/my_project/lab_manage/youyulabmanage/3/Runtime/Cache/Home/3bdf715a388a5c81805662bacbf51cef.php 第 47 行.
NOTIC: [8] Undefined index: active /var/www/html/my_project/lab_manage/youyulabmanage/3/Runtime/Cache/Home/3bdf715a388a5c81805662bacbf51cef.php 第 47 行.
NOTIC: [8] Undefined index: active /var/www/html/my_project/lab_manage/youyulabmanage/3/Runtime/Cache/Home/3bdf715a388a5c81805662bacbf51cef.php 第 47 行.
NOTIC: [8] Undefined index: active /var/www/html/my_project/lab_manage/youyulabmanage/3/Runtime/Cache/Home/3bdf715a388a5c81805662bacbf51cef.php 第 47 行.
NOTIC: [8] Undefined index: user /var/www/html/my_project/lab_manage/youyulabmanage/3/Runtime/Cache/Home/3bdf715a388a5c81805662bacbf51cef.php 第 50 行.
SQL: SHOW COLUMNS FROM `textyouyu_picture` [ RunTime:0.0004s ]
SQL: SELECT `path` FROM `textyouyu_picture` WHERE `id` = 10 LIMIT 1   [ RunTime:0.0001s ]
SQL: SELECT `path` FROM `textyouyu_picture` WHERE `id` = 10 LIMIT 1   [ RunTime:0.0001s ]
SQL: SELECT `path` FROM `textyouyu_picture` WHERE `id` = 9 LIMIT 1   [ RunTime:0.0001s ]
SQL: SELECT `path` FROM `textyouyu_picture` WHERE `id` = 9 LIMIT 1   [ RunTime:0.0001s ]
INFO: Run Behavior\ParseTemplateBehavior [ RunTime:0.006471s ]
INFO: [ view_parse ] --END-- [ RunTime:0.006498s ]
INFO: [ view_filter ] --START--
INFO: Run Behavior\WriteHtmlCacheBehavior [ RunTime:0.000029s ]
INFO: [ view_filter ] --END-- [ RunTime:0.000047s ]
INFO: [ app_end ] --START--
INFO: Run Behavior\ShowPageTraceBehavior [ RunTime:0.000025s ]
INFO: [ app_end ] --END-- [ RunTime:0.000044s ]

[ 2015-04-27T16:18:06+08:00 ] 127.0.0.1 /my_project/lab_manage/youyulabmanage/3/index.php/Home/index/award.html
INFO: [ app_init ] --START--
INFO: Run Behavior\BuildLiteBehavior [ RunTime:0.000016s ]
INFO: [ app_init ] --END-- [ RunTime:0.000053s ]
INFO: [ app_begin ] --START--
INFO: Run Behavior\ReadHtmlCacheBehavior [ RunTime:0.000018s ]
INFO: [ app_begin ] --END-- [ RunTime:0.000034s ]
SQL: SHOW COLUMNS FROM `textyouyu_config` [ RunTime:0.0007s ]
SQL: SELECT `type`,`name`,`value` FROM `textyouyu_config` WHERE `status` = 1  [ RunTime:0.0001s ]
SQL: SHOW COLUMNS FROM `textyouyu_menu` [ RunTime:0.0004s ]
SQL: SELECT * FROM `textyouyu_menu` WHERE `pid` = 0 AND `status` = 1 ORDER BY sort  [ RunTime:0.0001s ]
SQL: SELECT * FROM `textyouyu_menu` WHERE `pid` = 4 AND `status` = 1 ORDER BY sort  [ RunTime:0.0001s ]
SQL: SHOW COLUMNS FROM `textyouyu_document` [ RunTime:0.0003s ]
SQL: SELECT * FROM `textyouyu_document` WHERE ( status=1 AND menu_id=10 AND display=1 ) ORDER BY update_time desc  [ RunTime:0.0002s ]
SQL: SELECT * FROM `textyouyu_document` WHERE ( status=1 AND menu_id=11 AND display=1 ) ORDER BY update_time desc  [ RunTime:0.0002s ]
INFO: [ view_parse ] --START--
INFO: [ template_filter ] --START--
INFO: Run Behavior\ContentReplaceBehavior [ RunTime:0.000056s ]
INFO: [ template_filter ] --END-- [ RunTime:0.000082s ]
NOTIC: [8] Undefined index: active /var/www/html/my_project/lab_manage/youyulabmanage/3/Runtime/Cache/Home/d32cb150be9ed2376ea8550015db2f2f.php 第 47 行.
NOTIC: [8] Undefined index: active /var/www/html/my_project/lab_manage/youyulabmanage/3/Runtime/Cache/Home/d32cb150be9ed2376ea8550015db2f2f.php 第 47 行.
NOTIC: [8] Undefined index: active /var/www/html/my_project/lab_manage/youyulabmanage/3/Runtime/Cache/Home/d32cb150be9ed2376ea8550015db2f2f.php 第 47 行.
NOTIC: [8] Undefined index: active /var/www/html/my_project/lab_manage/youyulabmanage/3/Runtime/Cache/Home/d32cb150be9ed2376ea8550015db2f2f.php 第 47 行.
NOTIC: [8] Undefined index: active /var/www/html/my_project/lab_manage/youyulabmanage/3/Runtime/Cache/Home/d32cb150be9ed2376ea8550015db2f2f.php 第 47 行.
NOTIC: [8] Undefined index: active /var/www/html/my_project/lab_manage/youyulabmanage/3/Runtime/Cache/Home/d32cb150be9ed2376ea8550015db2f2f.php 第 47 行.
NOTIC: [8] Undefined index: user /var/www/html/my_project/lab_manage/youyulabmanage/3/Runtime/Cache/Home/d32cb150be9ed2376ea8550015db2f2f.php 第 50 行.
SQL: SHOW COLUMNS FROM `textyouyu_picture` [ RunTime:0.0004s ]
SQL: SELECT `path` FROM `textyouyu_picture` WHERE `id` = 11 LIMIT 1   [ RunTime:0.0001s ]
SQL: SELECT `path` FROM `textyouyu_picture` WHERE `id` = 11 LIMIT 1   [ RunTime:0.0001s ]
SQL: SELECT `path` FROM `textyouyu_picture` WHERE `id` = 11 LIMIT 1   [ RunTime:0.0000s ]
SQL: SELECT `path` FROM `textyouyu_picture` WHERE `id` = 12 LIMIT 1   [ RunTime:0.0001s ]
SQL: SELECT `path` FROM `textyouyu_picture` WHERE `id` = 12 LIMIT 1   [ RunTime:0.0001s ]
SQL: SELECT `path` FROM `textyouyu_picture` WHERE `id` = 12 LIMIT 1   [ RunTime:0.0000s ]
INFO: Run Behavior\ParseTemplateBehavior [ RunTime:0.005861s ]
INFO: [ view_parse ] --END-- [ RunTime:0.005880s ]
INFO: [ view_filter ] --START--
INFO: Run Behavior\WriteHtmlCacheBehavior [ RunTime:0.000028s ]
INFO: [ view_filter ] --END-- [ RunTime:0.000042s ]
INFO: [ app_end ] --START--
INFO: Run Behavior\ShowPageTraceBehavior [ RunTime:0.000024s ]
INFO: [ app_end ] --END-- [ RunTime:0.000042s ]

[ 2015-04-27T16:18:06+08:00 ] 127.0.0.1 /my_project/lab_manage/youyulabmanage/3/index.php/Home/index/member.html
INFO: [ app_init ] --START--
INFO: Run Behavior\BuildLiteBehavior [ RunTime:0.000023s ]
INFO: [ app_init ] --END-- [ RunTime:0.000147s ]
INFO: [ app_begin ] --START--
INFO: Run Behavior\ReadHtmlCacheBehavior [ RunTime:0.000063s ]
INFO: [ app_begin ] --END-- [ RunTime:0.000134s ]
SQL: SHOW COLUMNS FROM `textyouyu_config` [ RunTime:0.0004s ]
SQL: SELECT `type`,`name`,`value` FROM `textyouyu_config` WHERE `status` = 1  [ RunTime:0.0001s ]
SQL: SHOW COLUMNS FROM `textyouyu_menu` [ RunTime:0.0003s ]
SQL: SELECT * FROM `textyouyu_menu` WHERE `pid` = 0 AND `status` = 1 ORDER BY sort  [ RunTime:0.0001s ]
SQL: SELECT * FROM `textyouyu_menu` WHERE `pid` = 5 AND `status` = 1 ORDER BY sort  [ RunTime:0.0002s ]
SQL: SHOW COLUMNS FROM `textyouyu_document` [ RunTime:0.0004s ]
SQL: SELECT * FROM `textyouyu_document` WHERE ( status=1 AND menu_id=12 AND display=1 ) ORDER BY update_time desc  [ RunTime:0.0002s ]
SQL: SELECT * FROM `textyouyu_document` WHERE ( status=1 AND menu_id=13 AND display=1 ) ORDER BY update_time desc  [ RunTime:0.0002s ]
SQL: SELECT * FROM `textyouyu_document` WHERE ( status=1 AND menu_id=14 AND display=1 ) ORDER BY update_time desc  [ RunTime:0.0002s ]
INFO: [ view_parse ] --START--
INFO: [ template_filter ] --START--
INFO: Run Behavior\ContentReplaceBehavior [ RunTime:0.000063s ]
INFO: [ template_filter ] --END-- [ RunTime:0.000091s ]
NOTIC: [8] Undefined index: active /var/www/html/my_project/lab_manage/youyulabmanage/3/Runtime/Cache/Home/a76e6bbd2c31264bd4a325e88c94aaae.php 第 47 行.
NOTIC: [8] Undefined index: active /var/www/html/my_project/lab_manage/youyulabmanage/3/Runtime/Cache/Home/a76e6bbd2c31264bd4a325e88c94aaae.php 第 47 行.
NOTIC: [8] Undefined index: active /var/www/html/my_project/lab_manage/youyulabmanage/3/Runtime/Cache/Home/a76e6bbd2c31264bd4a325e88c94aaae.php 第 47 行.
NOTIC: [8] Undefined index: active /var/www/html/my_project/lab_manage/youyulabmanage/3/Runtime/Cache/Home/a76e6bbd2c31264bd4a325e88c94aaae.php 第 47 行.
NOTIC: [8] Undefined index: active /var/www/html/my_project/lab_manage/youyulabmanage/3/Runtime/Cache/Home/a76e6bbd2c31264bd4a325e88c94aaae.php 第 47 行.
NOTIC: [8] Undefined index: active /var/www/html/my_project/lab_manage/youyulabmanage/3/Runtime/Cache/Home/a76e6bbd2c31264bd4a325e88c94aaae.php 第 47 行.
NOTIC: [8] Undefined index: user /var/www/html/my_project/lab_manage/youyulabmanage/3/Runtime/Cache/Home/a76e6bbd2c31264bd4a325e88c94aaae.php 第 50 行.
SQL: SHOW COLUMNS FROM `textyouyu_picture` [ RunTime:0.0004s ]
SQL: SELECT `path` FROM `textyouyu_picture` WHERE `id` = 13 LIMIT 1   [ RunTime:0.0001s ]
SQL: SELECT `path` FROM `textyouyu_picture` WHERE `id` = 14 LIMIT 1   [ RunTime:0.0001s ]
INFO: Run Behavior\ParseTemplateBehavior [ RunTime:0.005323s ]
INFO: [ view_parse ] --END-- [ RunTime:0.005347s ]
INFO: [ view_filter ] --START--
INFO: Run Behavior\WriteHtmlCacheBehavior [ RunTime:0.000024s ]
INFO: [ view_filter ] --END-- [ RunTime:0.000041s ]
INFO: [ app_end ] --START--
INFO: Run Behavior\ShowPageTraceBehavior [ RunTime:0.000021s ]
INFO: [ app_end ] --END-- [ RunTime:0.000039s ]

[ 2015-04-27T16:18:07+08:00 ] 127.0.0.1 /my_project/lab_manage/youyulabmanage/3/index.php/Home/index/lesson.html
INFO: [ app_init ] --START--
INFO: Run Behavior\BuildLiteBehavior [ RunTime:0.000010s ]
INFO: [ app_init ] --END-- [ RunTime:0.000065s ]
INFO: [ app_begin ] --START--
INFO: Run Behavior\ReadHtmlCacheBehavior [ RunTime:0.000027s ]
INFO: [ app_begin ] --END-- [ RunTime:0.000054s ]
SQL: SHOW COLUMNS FROM `textyouyu_config` [ RunTime:0.0006s ]
SQL: SELECT `type`,`name`,`value` FROM `textyouyu_config` WHERE `status` = 1  [ RunTime:0.0001s ]
SQL: SHOW COLUMNS FROM `textyouyu_menu` [ RunTime:0.0005s ]
SQL: SELECT * FROM `textyouyu_menu` WHERE `pid` = 0 AND `status` = 1 ORDER BY sort  [ RunTime:0.0001s ]
SQL: SELECT * FROM `textyouyu_menu` WHERE `pid` = 6 AND `status` = 1 ORDER BY sort  [ RunTime:0.0003s ]
SQL: SHOW COLUMNS FROM `textyouyu_document` [ RunTime:0.0006s ]
SQL: SHOW COLUMNS FROM `textyouyu_document_article` [ RunTime:0.0005s ]
SQL: SELECT document.id AS id,document.username AS username,document.title AS title,document.menu_id AS menu_id,document.display AS display,document.view AS view,document.create_time AS create_time,document.update_time AS update_time,document.description AS description,document.cover_id AS cover_id,document.status AS status,document.position AS position,document_article.document_id AS document_id,document_article.content AS content,menu.id AS mid,menu.pid AS pid FROM textyouyu_document document  JOIN textyouyu_document_article document_article ON document.id=document_article.document_id  JOIN textyouyu_menu menu ON document.menu_id=menu.id WHERE document.display = 1 AND menu.pid = 6  [ RunTime:0.0003s ]
INFO: [ view_parse ] --START--
INFO: [ template_filter ] --START--
INFO: Run Behavior\ContentReplaceBehavior [ RunTime:0.000104s ]
INFO: [ template_filter ] --END-- [ RunTime:0.000153s ]
NOTIC: [8] Undefined index: active /var/www/html/my_project/lab_manage/youyulabmanage/3/Runtime/Cache/Home/fe797fcc96d54429c740f456d122394d.php 第 47 行.
NOTIC: [8] Undefined index: active /var/www/html/my_project/lab_manage/youyulabmanage/3/Runtime/Cache/Home/fe797fcc96d54429c740f456d122394d.php 第 47 行.
NOTIC: [8] Undefined index: active /var/www/html/my_project/lab_manage/youyulabmanage/3/Runtime/Cache/Home/fe797fcc96d54429c740f456d122394d.php 第 47 行.
NOTIC: [8] Undefined index: active /var/www/html/my_project/lab_manage/youyulabmanage/3/Runtime/Cache/Home/fe797fcc96d54429c740f456d122394d.php 第 47 行.
NOTIC: [8] Undefined index: active /var/www/html/my_project/lab_manage/youyulabmanage/3/Runtime/Cache/Home/fe797fcc96d54429c740f456d122394d.php 第 47 行.
NOTIC: [8] Undefined index: active /var/www/html/my_project/lab_manage/youyulabmanage/3/Runtime/Cache/Home/fe797fcc96d54429c740f456d122394d.php 第 47 行.
NOTIC: [8] Undefined index: user /var/www/html/my_project/lab_manage/youyulabmanage/3/Runtime/Cache/Home/fe797fcc96d54429c740f456d122394d.php 第 50 行.
NOTIC: [8] Undefined index: active /var/www/html/my_project/lab_manage/youyulabmanage/3/Runtime/Cache/Home/fe797fcc96d54429c740f456d122394d.php 第 134 行.
SQL: SELECT COUNT(*) AS tp_count FROM `textyouyu_document` WHERE `menu_id` = 15 AND `status` = 1 AND `display` = 1 LIMIT 1   [ RunTime:0.0003s ]
NOTIC: [8] Undefined index: active /var/www/html/my_project/lab_manage/youyulabmanage/3/Runtime/Cache/Home/fe797fcc96d54429c740f456d122394d.php 第 134 行.
SQL: SELECT COUNT(*) AS tp_count FROM `textyouyu_document` WHERE `menu_id` = 16 AND `status` = 1 AND `display` = 1 LIMIT 1   [ RunTime:0.0002s ]
NOTIC: [8] Undefined index: active /var/www/html/my_project/lab_manage/youyulabmanage/3/Runtime/Cache/Home/fe797fcc96d54429c740f456d122394d.php 第 134 行.
SQL: SELECT COUNT(*) AS tp_count FROM `textyouyu_document` WHERE `menu_id` = 17 AND `status` = 1 AND `display` = 1 LIMIT 1   [ RunTime:0.0002s ]
NOTIC: [8] Undefined index: active /var/www/html/my_project/lab_manage/youyulabmanage/3/Runtime/Cache/Home/fe797fcc96d54429c740f456d122394d.php 第 134 行.
SQL: SELECT COUNT(*) AS tp_count FROM `textyouyu_document` WHERE `menu_id` = 18 AND `status` = 1 AND `display` = 1 LIMIT 1   [ RunTime:0.0002s ]
NOTIC: [8] Undefined index: active /var/www/html/my_project/lab_manage/youyulabmanage/3/Runtime/Cache/Home/fe797fcc96d54429c740f456d122394d.php 第 134 行.
SQL: SELECT COUNT(*) AS tp_count FROM `textyouyu_document` WHERE `menu_id` = 19 AND `status` = 1 AND `display` = 1 LIMIT 1   [ RunTime:0.0002s ]
SQL: SHOW COLUMNS FROM `textyouyu_picture` [ RunTime:0.0004s ]
SQL: SELECT `path` FROM `textyouyu_picture` WHERE `id` = 15 LIMIT 1   [ RunTime:0.0002s ]
INFO: Run Behavior\ParseTemplateBehavior [ RunTime:0.009309s ]
INFO: [ view_parse ] --END-- [ RunTime:0.009336s ]
INFO: [ view_filter ] --START--
INFO: Run Behavior\WriteHtmlCacheBehavior [ RunTime:0.000034s ]
INFO: [ view_filter ] --END-- [ RunTime:0.000052s ]
INFO: [ app_end ] --START--
INFO: Run Behavior\ShowPageTraceBehavior [ RunTime:0.000031s ]
INFO: [ app_end ] --END-- [ RunTime:0.000051s ]

[ 2015-04-27T16:18:08+08:00 ] 127.0.0.1 /my_project/lab_manage/youyulabmanage/3/index.php/Home/index/discus.html
INFO: [ app_init ] --START--
INFO: Run Behavior\BuildLiteBehavior [ RunTime:0.000007s ]
INFO: [ app_init ] --END-- [ RunTime:0.000041s ]
INFO: [ app_begin ] --START--
INFO: Run Behavior\ReadHtmlCacheBehavior [ RunTime:0.000017s ]
INFO: [ app_begin ] --END-- [ RunTime:0.000032s ]
SQL: SHOW COLUMNS FROM `textyouyu_config` [ RunTime:0.0004s ]
SQL: SELECT `type`,`name`,`value` FROM `textyouyu_config` WHERE `status` = 1  [ RunTime:0.0000s ]
SQL: SHOW COLUMNS FROM `textyouyu_menu` [ RunTime:0.0008s ]
SQL: SELECT * FROM `textyouyu_menu` WHERE `pid` = 0 AND `status` = 1 ORDER BY sort  [ RunTime:0.0002s ]
SQL: SELECT * FROM `textyouyu_menu` WHERE `pid` = 7 AND `status` = 1 ORDER BY sort  [ RunTime:0.0004s ]
SQL: SELECT `url` FROM `textyouyu_menu` WHERE `id` = 7 LIMIT 1   [ RunTime:0.0004s ]
SQL: SELECT `url` FROM `textyouyu_menu` WHERE `id` = 7 LIMIT 1   [ RunTime:0.0001s ]
SQL: SELECT `url` FROM `textyouyu_menu` WHERE `id` = 7 LIMIT 1   [ RunTime:0.0001s ]
SQL: SHOW COLUMNS FROM `textyouyu_document` [ RunTime:0.0005s ]
SQL: SHOW COLUMNS FROM `textyouyu_document_article` [ RunTime:0.0003s ]
SQL: SELECT COUNT(*) AS tp_count FROM textyouyu_document document  JOIN textyouyu_document_article document_article ON document.id=document_article.document_id  JOIN textyouyu_menu menu ON document.menu_id=menu.id WHERE document.display = 1 AND document.status = 1 AND document.position <> 2 AND menu.pid = 7 LIMIT 1   [ RunTime:0.0002s ]
SQL: SELECT document.id AS id,document.username AS username,document.title AS title,document.menu_id AS menu_id,document.display AS display,document.view AS view,document.create_time AS create_time,document.update_time AS update_time,document.description AS description,document.cover_id AS cover_id,document.status AS status,document.position AS position,document_article.document_id AS document_id,document_article.content AS content,menu.id AS mid,menu.pid AS pid FROM textyouyu_document document  JOIN textyouyu_document_article document_article ON document.id=document_article.document_id  JOIN textyouyu_menu menu ON document.menu_id=menu.id WHERE document.display = 1 AND document.status = 1 AND document.position <> 2 AND menu.pid = 7 ORDER BY comment desc LIMIT 0,10   [ RunTime:0.0004s ]
SQL: SELECT document.id AS id,document.username AS username,document.title AS title,document.menu_id AS menu_id,document.display AS display,document.view AS view,document.create_time AS create_time,document.update_time AS update_time,document.description AS description,document.cover_id AS cover_id,document.status AS status,document.position AS position,document_article.document_id AS document_id,document_article.content AS content,menu.id AS mid,menu.pid AS pid FROM textyouyu_document document  JOIN textyouyu_document_article document_article ON document.id=document_article.document_id  JOIN textyouyu_menu menu ON document.menu_id=menu.id WHERE document.position = 2 AND document.status = 1  [ RunTime:0.0002s ]
INFO: [ view_parse ] --START--
INFO: [ template_filter ] --START--
INFO: Run Behavior\ContentReplaceBehavior [ RunTime:0.000075s ]
INFO: [ template_filter ] --END-- [ RunTime:0.000100s ]
NOTIC: [8] Undefined index: active /var/www/html/my_project/lab_manage/youyulabmanage/3/Runtime/Cache/Home/184b30bf65467d6133a96ca4d92d599f.php 第 47 行.
NOTIC: [8] Undefined index: active /var/www/html/my_project/lab_manage/youyulabmanage/3/Runtime/Cache/Home/184b30bf65467d6133a96ca4d92d599f.php 第 47 行.
NOTIC: [8] Undefined index: active /var/www/html/my_project/lab_manage/youyulabmanage/3/Runtime/Cache/Home/184b30bf65467d6133a96ca4d92d599f.php 第 47 行.
NOTIC: [8] Undefined index: active /var/www/html/my_project/lab_manage/youyulabmanage/3/Runtime/Cache/Home/184b30bf65467d6133a96ca4d92d599f.php 第 47 行.
NOTIC: [8] Undefined index: active /var/www/html/my_project/lab_manage/youyulabmanage/3/Runtime/Cache/Home/184b30bf65467d6133a96ca4d92d599f.php 第 47 行.
NOTIC: [8] Undefined index: active /var/www/html/my_project/lab_manage/youyulabmanage/3/Runtime/Cache/Home/184b30bf65467d6133a96ca4d92d599f.php 第 47 行.
NOTIC: [8] Undefined index: user /var/www/html/my_project/lab_manage/youyulabmanage/3/Runtime/Cache/Home/184b30bf65467d6133a96ca4d92d599f.php 第 50 行.
NOTIC: [8] Undefined index: active /var/www/html/my_project/lab_manage/youyulabmanage/3/Runtime/Cache/Home/184b30bf65467d6133a96ca4d92d599f.php 第 134 行.
SQL: SELECT COUNT(*) AS tp_count FROM `textyouyu_document` WHERE `menu_id` = 20 AND `status` = 1 AND `display` = 1 LIMIT 1   [ RunTime:0.0002s ]
NOTIC: [8] Undefined index: active /var/www/html/my_project/lab_manage/youyulabmanage/3/Runtime/Cache/Home/184b30bf65467d6133a96ca4d92d599f.php 第 134 行.
SQL: SELECT COUNT(*) AS tp_count FROM `textyouyu_document` WHERE `menu_id` = 21 AND `status` = 1 AND `display` = 1 LIMIT 1   [ RunTime:0.0002s ]
NOTIC: [8] Undefined index: active /var/www/html/my_project/lab_manage/youyulabmanage/3/Runtime/Cache/Home/184b30bf65467d6133a96ca4d92d599f.php 第 134 行.
SQL: SELECT COUNT(*) AS tp_count FROM `textyouyu_document` WHERE `menu_id` = 22 AND `status` = 1 AND `display` = 1 LIMIT 1   [ RunTime:0.0001s ]
SQL: SHOW COLUMNS FROM `textyouyu_user` [ RunTime:0.0007s ]
SQL: SELECT `cover_id` FROM `textyouyu_user` WHERE `username` = '游渔' LIMIT 1   [ RunTime:0.0002s ]
SQL: SHOW COLUMNS FROM `textyouyu_picture` [ RunTime:0.0004s ]
SQL: SELECT `path` FROM `textyouyu_picture` WHERE `id` = null LIMIT 1   [ RunTime:0.0001s ]
SQL: SELECT `name` FROM `textyouyu_menu` WHERE `id` = 20 LIMIT 1   [ RunTime:0.0001s ]
SQL: SHOW COLUMNS FROM `textyouyu_comment` [ RunTime:0.0005s ]
SQL: SELECT COUNT(*) AS tp_count FROM `textyouyu_comment` WHERE `document_id` = 10 LIMIT 1   [ RunTime:0.0002s ]
INFO: Run Behavior\ParseTemplateBehavior [ RunTime:0.009679s ]
INFO: [ view_parse ] --END-- [ RunTime:0.009720s ]
INFO: [ view_filter ] --START--
INFO: Run Behavior\WriteHtmlCacheBehavior [ RunTime:0.000053s ]
INFO: [ view_filter ] --END-- [ RunTime:0.000079s ]
INFO: [ app_end ] --START--
INFO: Run Behavior\ShowPageTraceBehavior [ RunTime:0.000052s ]
INFO: [ app_end ] --END-- [ RunTime:0.000085s ]

[ 2015-04-27T16:18:09+08:00 ] 127.0.0.1 /my_project/lab_manage/youyulabmanage/3/index.php/Home/index/discus/id/20.html
INFO: [ app_init ] --START--
INFO: Run Behavior\BuildLiteBehavior [ RunTime:0.000008s ]
INFO: [ app_init ] --END-- [ RunTime:0.000053s ]
INFO: [ app_begin ] --START--
INFO: Run Behavior\ReadHtmlCacheBehavior [ RunTime:0.000023s ]
INFO: [ app_begin ] --END-- [ RunTime:0.000047s ]
SQL: SHOW COLUMNS FROM `textyouyu_config` [ RunTime:0.0005s ]
SQL: SELECT `type`,`name`,`value` FROM `textyouyu_config` WHERE `status` = 1  [ RunTime:0.0001s ]
SQL: SHOW COLUMNS FROM `textyouyu_menu` [ RunTime:0.0004s ]
SQL: SELECT * FROM `textyouyu_menu` WHERE `pid` = 0 AND `status` = 1 ORDER BY sort  [ RunTime:0.0001s ]
SQL: SELECT * FROM `textyouyu_menu` WHERE `pid` = 7 AND `status` = 1 ORDER BY sort  [ RunTime:0.0001s ]
SQL: SELECT `url` FROM `textyouyu_menu` WHERE `id` = 7 LIMIT 1   [ RunTime:0.0001s ]
SQL: SELECT `url` FROM `textyouyu_menu` WHERE `id` = 7 LIMIT 1   [ RunTime:0.0001s ]
SQL: SELECT `url` FROM `textyouyu_menu` WHERE `id` = 7 LIMIT 1   [ RunTime:0.0000s ]
SQL: SHOW COLUMNS FROM `textyouyu_document` [ RunTime:0.0005s ]
SQL: SHOW COLUMNS FROM `textyouyu_document_article` [ RunTime:0.0003s ]
SQL: SELECT COUNT(*) AS tp_count FROM textyouyu_document document  JOIN textyouyu_document_article document_article ON document.id=document_article.document_id  JOIN textyouyu_menu menu ON document.menu_id=menu.id WHERE document.menu_id = 20 AND document.display = 1 AND document.status = 1 AND document.position <> 2 AND menu.pid = 7 LIMIT 1   [ RunTime:0.0003s ]
SQL: SELECT document.id AS id,document.username AS username,document.title AS title,document.menu_id AS menu_id,document.display AS display,document.view AS view,document.create_time AS create_time,document.update_time AS update_time,document.description AS description,document.cover_id AS cover_id,document.status AS status,document.position AS position,document_article.document_id AS document_id,document_article.content AS content,menu.id AS mid,menu.pid AS pid FROM textyouyu_document document  JOIN textyouyu_document_article document_article ON document.id=document_article.document_id  JOIN textyouyu_menu menu ON document.menu_id=menu.id WHERE document.menu_id = 20 AND document.display = 1 AND document.status = 1 AND document.position <> 2 AND menu.pid = 7 ORDER BY comment desc LIMIT 0,10   [ RunTime:0.0003s ]
SQL: SELECT document.id AS id,document.username AS username,document.title AS title,document.menu_id AS menu_id,document.display AS display,document.view AS view,document.create_time AS create_time,document.update_time AS update_time,document.description AS description,document.cover_id AS cover_id,document.status AS status,document.position AS position,document_article.document_id AS document_id,document_article.content AS content,menu.id AS mid,menu.pid AS pid FROM textyouyu_document document  JOIN textyouyu_document_article document_article ON document.id=document_article.document_id  JOIN textyouyu_menu menu ON document.menu_id=menu.id WHERE document.position = 2 AND document.status = 1  [ RunTime:0.0001s ]
INFO: [ view_parse ] --START--
INFO: [ template_filter ] --START--
INFO: Run Behavior\ContentReplaceBehavior [ RunTime:0.000094s ]
INFO: [ template_filter ] --END-- [ RunTime:0.000130s ]
NOTIC: [8] Undefined index: active /var/www/html/my_project/lab_manage/youyulabmanage/3/Runtime/Cache/Home/184b30bf65467d6133a96ca4d92d599f.php 第 47 行.
NOTIC: [8] Undefined index: active /var/www/html/my_project/lab_manage/youyulabmanage/3/Runtime/Cache/Home/184b30bf65467d6133a96ca4d92d599f.php 第 47 行.
NOTIC: [8] Undefined index: active /var/www/html/my_project/lab_manage/youyulabmanage/3/Runtime/Cache/Home/184b30bf65467d6133a96ca4d92d599f.php 第 47 行.
NOTIC: [8] Undefined index: active /var/www/html/my_project/lab_manage/youyulabmanage/3/Runtime/Cache/Home/184b30bf65467d6133a96ca4d92d599f.php 第 47 行.
NOTIC: [8] Undefined index: active /var/www/html/my_project/lab_manage/youyulabmanage/3/Runtime/Cache/Home/184b30bf65467d6133a96ca4d92d599f.php 第 47 行.
NOTIC: [8] Undefined index: active /var/www/html/my_project/lab_manage/youyulabmanage/3/Runtime/Cache/Home/184b30bf65467d6133a96ca4d92d599f.php 第 47 行.
NOTIC: [8] Undefined index: user /var/www/html/my_project/lab_manage/youyulabmanage/3/Runtime/Cache/Home/184b30bf65467d6133a96ca4d92d599f.php 第 50 行.
NOTIC: [8] Undefined index: active /var/www/html/my_project/lab_manage/youyulabmanage/3/Runtime/Cache/Home/184b30bf65467d6133a96ca4d92d599f.php 第 134 行.
SQL: SELECT COUNT(*) AS tp_count FROM `textyouyu_document` WHERE `menu_id` = 20 AND `status` = 1 AND `display` = 1 LIMIT 1   [ RunTime:0.0001s ]
NOTIC: [8] Undefined index: active /var/www/html/my_project/lab_manage/youyulabmanage/3/Runtime/Cache/Home/184b30bf65467d6133a96ca4d92d599f.php 第 134 行.
SQL: SELECT COUNT(*) AS tp_count FROM `textyouyu_document` WHERE `menu_id` = 21 AND `status` = 1 AND `display` = 1 LIMIT 1   [ RunTime:0.0001s ]
NOTIC: [8] Undefined index: active /var/www/html/my_project/lab_manage/youyulabmanage/3/Runtime/Cache/Home/184b30bf65467d6133a96ca4d92d599f.php 第 134 行.
SQL: SELECT COUNT(*) AS tp_count FROM `textyouyu_document` WHERE `menu_id` = 22 AND `status` = 1 AND `display` = 1 LIMIT 1   [ RunTime:0.0001s ]
SQL: SHOW COLUMNS FROM `textyouyu_user` [ RunTime:0.0005s ]
SQL: SELECT `cover_id` FROM `textyouyu_user` WHERE `username` = '游渔' LIMIT 1   [ RunTime:0.0001s ]
SQL: SHOW COLUMNS FROM `textyouyu_picture` [ RunTime:0.0003s ]
SQL: SELECT `path` FROM `textyouyu_picture` WHERE `id` = null LIMIT 1   [ RunTime:0.0001s ]
SQL: SELECT `name` FROM `textyouyu_menu` WHERE `id` = 20 LIMIT 1   [ RunTime:0.0001s ]
SQL: SHOW COLUMNS FROM `textyouyu_comment` [ RunTime:0.0004s ]
SQL: SELECT COUNT(*) AS tp_count FROM `textyouyu_comment` WHERE `document_id` = 10 LIMIT 1   [ RunTime:0.0001s ]
INFO: Run Behavior\ParseTemplateBehavior [ RunTime:0.009225s ]
INFO: [ view_parse ] --END-- [ RunTime:0.009251s ]
INFO: [ view_filter ] --START--
INFO: Run Behavior\WriteHtmlCacheBehavior [ RunTime:0.000032s ]
INFO: [ view_filter ] --END-- [ RunTime:0.000050s ]
INFO: [ app_end ] --START--
INFO: Run Behavior\ShowPageTraceBehavior [ RunTime:0.000028s ]
INFO: [ app_end ] --END-- [ RunTime:0.000050s ]

[ 2015-04-27T16:18:10+08:00 ] 127.0.0.1 /my_project/lab_manage/youyulabmanage/3/index.php/Home/index/document/id/10.html
INFO: [ app_init ] --START--
INFO: Run Behavior\BuildLiteBehavior [ RunTime:0.000007s ]
INFO: [ app_init ] --END-- [ RunTime:0.000046s ]
INFO: [ app_begin ] --START--
INFO: Run Behavior\ReadHtmlCacheBehavior [ RunTime:0.000019s ]
INFO: [ app_begin ] --END-- [ RunTime:0.000038s ]
SQL: SHOW COLUMNS FROM `textyouyu_config` [ RunTime:0.0004s ]
SQL: SELECT `type`,`name`,`value` FROM `textyouyu_config` WHERE `status` = 1  [ RunTime:0.0001s ]
SQL: SHOW COLUMNS FROM `textyouyu_menu` [ RunTime:0.0003s ]
SQL: SELECT * FROM `textyouyu_menu` WHERE `pid` = 0 AND `status` = 1 ORDER BY sort  [ RunTime:0.0001s ]
SQL: SHOW COLUMNS FROM `textyouyu_document` [ RunTime:0.0003s ]
SQL: UPDATE `textyouyu_document` SET `view`=view+1 WHERE `id` = 10 [ RunTime:0.0002s ]
SQL: SHOW COLUMNS FROM `textyouyu_document_article` [ RunTime:0.0003s ]
SQL: SELECT document.id AS id,document.username AS username,document.title AS title,document.menu_id AS menu_id,document.display AS display,document.view AS view,document.create_time AS create_time,document.update_time AS update_time,document.status AS status,document_article.document_id AS document_id,document_article.content AS content FROM textyouyu_document document  JOIN textyouyu_document_article document_article ON document.id=document_article.document_id WHERE document.id = 10 LIMIT 1   [ RunTime:0.0002s ]
SQL: SHOW COLUMNS FROM `textyouyu_comment` [ RunTime:0.0003s ]
SQL: SELECT COUNT(*) AS tp_count FROM `textyouyu_comment` WHERE `document_id` = 10 LIMIT 1   [ RunTime:0.0000s ]
SQL: SELECT `id`,`pid`,`document_id`,`user_id`,`author`,`comment_date`,`comment_content`,`status` FROM `textyouyu_comment` WHERE `document_id` = 10 ORDER BY comment_date desc LIMIT 0,10   [ RunTime:0.0001s ]
SQL: SHOW COLUMNS FROM `textyouyu_config` [ RunTime:0.0003s ]
SQL: SELECT `value` FROM `textyouyu_config` WHERE ( name="DOC_SIDEBAR" ) LIMIT 1   [ RunTime:0.0001s ]
INFO: [ view_parse ] --START--
INFO: [ template_filter ] --START--
INFO: Run Behavior\ContentReplaceBehavior [ RunTime:0.000053s ]
INFO: [ template_filter ] --END-- [ RunTime:0.000072s ]
NOTIC: [8] Undefined index: active /var/www/html/my_project/lab_manage/youyulabmanage/3/Runtime/Cache/Home/4725bf8f7b5bcc875d9eae8b3affe0c7.php 第 47 行.
NOTIC: [8] Undefined index: active /var/www/html/my_project/lab_manage/youyulabmanage/3/Runtime/Cache/Home/4725bf8f7b5bcc875d9eae8b3affe0c7.php 第 47 行.
NOTIC: [8] Undefined index: active /var/www/html/my_project/lab_manage/youyulabmanage/3/Runtime/Cache/Home/4725bf8f7b5bcc875d9eae8b3affe0c7.php 第 47 行.
NOTIC: [8] Undefined index: active /var/www/html/my_project/lab_manage/youyulabmanage/3/Runtime/Cache/Home/4725bf8f7b5bcc875d9eae8b3affe0c7.php 第 47 行.
NOTIC: [8] Undefined index: active /var/www/html/my_project/lab_manage/youyulabmanage/3/Runtime/Cache/Home/4725bf8f7b5bcc875d9eae8b3affe0c7.php 第 47 行.
NOTIC: [8] Undefined index: active /var/www/html/my_project/lab_manage/youyulabmanage/3/Runtime/Cache/Home/4725bf8f7b5bcc875d9eae8b3affe0c7.php 第 47 行.
NOTIC: [8] Undefined index: active /var/www/html/my_project/lab_manage/youyulabmanage/3/Runtime/Cache/Home/4725bf8f7b5bcc875d9eae8b3affe0c7.php 第 47 行.
NOTIC: [8] Undefined index: user /var/www/html/my_project/lab_manage/youyulabmanage/3/Runtime/Cache/Home/4725bf8f7b5bcc875d9eae8b3affe0c7.php 第 50 行.
SQL: SELECT `pid` FROM `textyouyu_menu` WHERE `id` = 20 LIMIT 1   [ RunTime:0.0001s ]
SQL: SELECT `name` FROM `textyouyu_menu` WHERE `id` = 7 LIMIT 1   [ RunTime:0.0001s ]
NOTIC: [8] Undefined index: user /var/www/html/my_project/lab_manage/youyulabmanage/3/Runtime/Cache/Home/4725bf8f7b5bcc875d9eae8b3affe0c7.php 第 141 行.
NOTIC: [8] Undefined index: user /var/www/html/my_project/lab_manage/youyulabmanage/3/Runtime/Cache/Home/4725bf8f7b5bcc875d9eae8b3affe0c7.php 第 166 行.
SQL: SHOW COLUMNS FROM `textyouyu_user` [ RunTime:0.0003s ]
SQL: SELECT `cover_id` FROM `textyouyu_user` WHERE `uid` = null LIMIT 1   [ RunTime:0.0001s ]
SQL: SHOW COLUMNS FROM `textyouyu_picture` [ RunTime:0.0003s ]
SQL: SELECT `path` FROM `textyouyu_picture` WHERE `id` = null LIMIT 1   [ RunTime:0.0001s ]
INFO: Run Behavior\ParseTemplateBehavior [ RunTime:0.004871s ]
INFO: [ view_parse ] --END-- [ RunTime:0.004890s ]
INFO: [ view_filter ] --START--
INFO: Run Behavior\WriteHtmlCacheBehavior [ RunTime:0.000025s ]
INFO: [ view_filter ] --END-- [ RunTime:0.000038s ]
INFO: [ app_end ] --START--
INFO: Run Behavior\ShowPageTraceBehavior [ RunTime:0.000022s ]
INFO: [ app_end ] --END-- [ RunTime:0.000039s ]

[ 2015-04-27T16:18:11+08:00 ] 127.0.0.1 /my_project/lab_manage/youyulabmanage/3/index.php/Home/index/comment.html?id=10&p=1
INFO: [ app_init ] --START--
INFO: Run Behavior\BuildLiteBehavior [ RunTime:0.000008s ]
INFO: [ app_init ] --END-- [ RunTime:0.000050s ]
INFO: [ app_begin ] --START--
INFO: Run Behavior\ReadHtmlCacheBehavior [ RunTime:0.000020s ]
INFO: [ app_begin ] --END-- [ RunTime:0.000038s ]
SQL: SHOW COLUMNS FROM `textyouyu_config` [ RunTime:0.0005s ]
SQL: SELECT `type`,`name`,`value` FROM `textyouyu_config` WHERE `status` = 1  [ RunTime:0.0001s ]
SQL: SHOW COLUMNS FROM `textyouyu_menu` [ RunTime:0.0009s ]
SQL: SELECT * FROM `textyouyu_menu` WHERE `pid` = 0 AND `status` = 1 ORDER BY sort  [ RunTime:0.0001s ]
SQL: SHOW COLUMNS FROM `textyouyu_comment` [ RunTime:0.0004s ]
SQL: SELECT * FROM `textyouyu_comment` WHERE `document_id` = 10 ORDER BY comment_date desc LIMIT 0,10   [ RunTime:0.0002s ]
SQL: SHOW COLUMNS FROM `textyouyu_user` [ RunTime:0.0004s ]
SQL: SELECT `cover_id` FROM `textyouyu_user` WHERE `uid` = 1 LIMIT 1   [ RunTime:0.0001s ]
SQL: SHOW COLUMNS FROM `textyouyu_picture` [ RunTime:0.0003s ]
SQL: SELECT `path` FROM `textyouyu_picture` WHERE `id` = 0 LIMIT 1   [ RunTime:0.0001s ]
SQL: SELECT `cover_id` FROM `textyouyu_user` WHERE `uid` = 1 LIMIT 1   [ RunTime:0.0001s ]
SQL: SELECT `path` FROM `textyouyu_picture` WHERE `id` = 0 LIMIT 1   [ RunTime:0.0001s ]
INFO: [ app_end ] --START--
INFO: Run Behavior\ShowPageTraceBehavior [ RunTime:0.000056s ]
INFO: [ app_end ] --END-- [ RunTime:0.000076s ]

[ 2015-04-27T16:18:12+08:00 ] 127.0.0.1 /my_project/lab_manage/youyulabmanage/3/index.php/Home/index/award.html
INFO: [ app_init ] --START--
INFO: Run Behavior\BuildLiteBehavior [ RunTime:0.000006s ]
INFO: [ app_init ] --END-- [ RunTime:0.000042s ]
INFO: [ app_begin ] --START--
INFO: Run Behavior\ReadHtmlCacheBehavior [ RunTime:0.000016s ]
INFO: [ app_begin ] --END-- [ RunTime:0.000031s ]
SQL: SHOW COLUMNS FROM `textyouyu_config` [ RunTime:0.0004s ]
SQL: SELECT `type`,`name`,`value` FROM `textyouyu_config` WHERE `status` = 1  [ RunTime:0.0001s ]
SQL: SHOW COLUMNS FROM `textyouyu_menu` [ RunTime:0.0004s ]
SQL: SELECT * FROM `textyouyu_menu` WHERE `pid` = 0 AND `status` = 1 ORDER BY sort  [ RunTime:0.0001s ]
SQL: SELECT * FROM `textyouyu_menu` WHERE `pid` = 4 AND `status` = 1 ORDER BY sort  [ RunTime:0.0001s ]
SQL: SHOW COLUMNS FROM `textyouyu_document` [ RunTime:0.0005s ]
SQL: SELECT * FROM `textyouyu_document` WHERE ( status=1 AND menu_id=10 AND display=1 ) ORDER BY update_time desc  [ RunTime:0.0003s ]
SQL: SELECT * FROM `textyouyu_document` WHERE ( status=1 AND menu_id=11 AND display=1 ) ORDER BY update_time desc  [ RunTime:0.0002s ]
INFO: [ view_parse ] --START--
INFO: [ template_filter ] --START--
INFO: Run Behavior\ContentReplaceBehavior [ RunTime:0.000054s ]
INFO: [ template_filter ] --END-- [ RunTime:0.000075s ]
NOTIC: [8] Undefined index: active /var/www/html/my_project/lab_manage/youyulabmanage/3/Runtime/Cache/Home/d32cb150be9ed2376ea8550015db2f2f.php 第 47 行.
NOTIC: [8] Undefined index: active /var/www/html/my_project/lab_manage/youyulabmanage/3/Runtime/Cache/Home/d32cb150be9ed2376ea8550015db2f2f.php 第 47 行.
NOTIC: [8] Undefined index: active /var/www/html/my_project/lab_manage/youyulabmanage/3/Runtime/Cache/Home/d32cb150be9ed2376ea8550015db2f2f.php 第 47 行.
NOTIC: [8] Undefined index: active /var/www/html/my_project/lab_manage/youyulabmanage/3/Runtime/Cache/Home/d32cb150be9ed2376ea8550015db2f2f.php 第 47 行.
NOTIC: [8] Undefined index: active /var/www/html/my_project/lab_manage/youyulabmanage/3/Runtime/Cache/Home/d32cb150be9ed2376ea8550015db2f2f.php 第 47 行.
NOTIC: [8] Undefined index: active /var/www/html/my_project/lab_manage/youyulabmanage/3/Runtime/Cache/Home/d32cb150be9ed2376ea8550015db2f2f.php 第 47 行.
NOTIC: [8] Undefined index: user /var/www/html/my_project/lab_manage/youyulabmanage/3/Runtime/Cache/Home/d32cb150be9ed2376ea8550015db2f2f.php 第 50 行.
SQL: SHOW COLUMNS FROM `textyouyu_picture` [ RunTime:0.0002s ]
SQL: SELECT `path` FROM `textyouyu_picture` WHERE `id` = 11 LIMIT 1   [ RunTime:0.0001s ]
SQL: SELECT `path` FROM `textyouyu_picture` WHERE `id` = 11 LIMIT 1   [ RunTime:0.0001s ]
SQL: SELECT `path` FROM `textyouyu_picture` WHERE `id` = 11 LIMIT 1   [ RunTime:0.0001s ]
SQL: SELECT `path` FROM `textyouyu_picture` WHERE `id` = 12 LIMIT 1   [ RunTime:0.0001s ]
SQL: SELECT `path` FROM `textyouyu_picture` WHERE `id` = 12 LIMIT 1   [ RunTime:0.0001s ]
SQL: SELECT `path` FROM `textyouyu_picture` WHERE `id` = 12 LIMIT 1   [ RunTime:0.0001s ]
INFO: Run Behavior\ParseTemplateBehavior [ RunTime:0.005426s ]
INFO: [ view_parse ] --END-- [ RunTime:0.005450s ]
INFO: [ view_filter ] --START--
INFO: Run Behavior\WriteHtmlCacheBehavior [ RunTime:0.000030s ]
INFO: [ view_filter ] --END-- [ RunTime:0.000048s ]
INFO: [ app_end ] --START--
INFO: Run Behavior\ShowPageTraceBehavior [ RunTime:0.000027s ]
INFO: [ app_end ] --END-- [ RunTime:0.000051s ]

[ 2015-04-27T16:18:12+08:00 ] 127.0.0.1 /my_project/lab_manage/youyulabmanage/3/index.php/Home/index/member.html
INFO: [ app_init ] --START--
INFO: Run Behavior\BuildLiteBehavior [ RunTime:0.000008s ]
INFO: [ app_init ] --END-- [ RunTime:0.000048s ]
INFO: [ app_begin ] --START--
INFO: Run Behavior\ReadHtmlCacheBehavior [ RunTime:0.000020s ]
INFO: [ app_begin ] --END-- [ RunTime:0.000039s ]
SQL: SHOW COLUMNS FROM `textyouyu_config` [ RunTime:0.0004s ]
SQL: SELECT `type`,`name`,`value` FROM `textyouyu_config` WHERE `status` = 1  [ RunTime:0.0002s ]
SQL: SHOW COLUMNS FROM `textyouyu_menu` [ RunTime:0.0010s ]
SQL: SELECT * FROM `textyouyu_menu` WHERE `pid` = 0 AND `status` = 1 ORDER BY sort  [ RunTime:0.0002s ]
SQL: SELECT * FROM `textyouyu_menu` WHERE `pid` = 5 AND `status` = 1 ORDER BY sort  [ RunTime:0.0002s ]
SQL: SHOW COLUMNS FROM `textyouyu_document` [ RunTime:0.0012s ]
SQL: SELECT * FROM `textyouyu_document` WHERE ( status=1 AND menu_id=12 AND display=1 ) ORDER BY update_time desc  [ RunTime:0.0004s ]
SQL: SELECT * FROM `textyouyu_document` WHERE ( status=1 AND menu_id=13 AND display=1 ) ORDER BY update_time desc  [ RunTime:0.0003s ]
SQL: SELECT * FROM `textyouyu_document` WHERE ( status=1 AND menu_id=14 AND display=1 ) ORDER BY update_time desc  [ RunTime:0.0003s ]
INFO: [ view_parse ] --START--
INFO: [ template_filter ] --START--
INFO: Run Behavior\ContentReplaceBehavior [ RunTime:0.000112s ]
INFO: [ template_filter ] --END-- [ RunTime:0.000162s ]
NOTIC: [8] Undefined index: active /var/www/html/my_project/lab_manage/youyulabmanage/3/Runtime/Cache/Home/a76e6bbd2c31264bd4a325e88c94aaae.php 第 47 行.
NOTIC: [8] Undefined index: active /var/www/html/my_project/lab_manage/youyulabmanage/3/Runtime/Cache/Home/a76e6bbd2c31264bd4a325e88c94aaae.php 第 47 行.
NOTIC: [8] Undefined index: active /var/www/html/my_project/lab_manage/youyulabmanage/3/Runtime/Cache/Home/a76e6bbd2c31264bd4a325e88c94aaae.php 第 47 行.
NOTIC: [8] Undefined index: active /var/www/html/my_project/lab_manage/youyulabmanage/3/Runtime/Cache/Home/a76e6bbd2c31264bd4a325e88c94aaae.php 第 47 行.
NOTIC: [8] Undefined index: active /var/www/html/my_project/lab_manage/youyulabmanage/3/Runtime/Cache/Home/a76e6bbd2c31264bd4a325e88c94aaae.php 第 47 行.
NOTIC: [8] Undefined index: active /var/www/html/my_project/lab_manage/youyulabmanage/3/Runtime/Cache/Home/a76e6bbd2c31264bd4a325e88c94aaae.php 第 47 行.
NOTIC: [8] Undefined index: user /var/www/html/my_project/lab_manage/youyulabmanage/3/Runtime/Cache/Home/a76e6bbd2c31264bd4a325e88c94aaae.php 第 50 行.
SQL: SHOW COLUMNS FROM `textyouyu_picture` [ RunTime:0.0006s ]
SQL: SELECT `path` FROM `textyouyu_picture` WHERE `id` = 13 LIMIT 1   [ RunTime:0.0001s ]
SQL: SELECT `path` FROM `textyouyu_picture` WHERE `id` = 14 LIMIT 1   [ RunTime:0.0001s ]
INFO: Run Behavior\ParseTemplateBehavior [ RunTime:0.010122s ]
INFO: [ view_parse ] --END-- [ RunTime:0.010153s ]
INFO: [ view_filter ] --START--
INFO: Run Behavior\WriteHtmlCacheBehavior [ RunTime:0.000021s ]
INFO: [ view_filter ] --END-- [ RunTime:0.000037s ]
INFO: [ app_end ] --START--
INFO: Run Behavior\ShowPageTraceBehavior [ RunTime:0.000020s ]
INFO: [ app_end ] --END-- [ RunTime:0.000039s ]

[ 2015-04-27T16:18:13+08:00 ] 127.0.0.1 /my_project/lab_manage/youyulabmanage/3/index.php/Home/index/lesson.html
INFO: [ app_init ] --START--
INFO: Run Behavior\BuildLiteBehavior [ RunTime:0.000007s ]
INFO: [ app_init ] --END-- [ RunTime:0.000045s ]
INFO: [ app_begin ] --START--
INFO: Run Behavior\ReadHtmlCacheBehavior [ RunTime:0.000019s ]
INFO: [ app_begin ] --END-- [ RunTime:0.000035s ]
SQL: SHOW COLUMNS FROM `textyouyu_config` [ RunTime:0.0004s ]
SQL: SELECT `type`,`name`,`value` FROM `textyouyu_config` WHERE `status` = 1  [ RunTime:0.0001s ]
SQL: SHOW COLUMNS FROM `textyouyu_menu` [ RunTime:0.0002s ]
SQL: SELECT * FROM `textyouyu_menu` WHERE `pid` = 0 AND `status` = 1 ORDER BY sort  [ RunTime:0.0001s ]
SQL: SELECT * FROM `textyouyu_menu` WHERE `pid` = 6 AND `status` = 1 ORDER BY sort  [ RunTime:0.0001s ]
SQL: SHOW COLUMNS FROM `textyouyu_document` [ RunTime:0.0003s ]
SQL: SHOW COLUMNS FROM `textyouyu_document_article` [ RunTime:0.0002s ]
SQL: SELECT document.id AS id,document.username AS username,document.title AS title,document.menu_id AS menu_id,document.display AS display,document.view AS view,document.create_time AS create_time,document.update_time AS update_time,document.description AS description,document.cover_id AS cover_id,document.status AS status,document.position AS position,document_article.document_id AS document_id,document_article.content AS content,menu.id AS mid,menu.pid AS pid FROM textyouyu_document document  JOIN textyouyu_document_article document_article ON document.id=document_article.document_id  JOIN textyouyu_menu menu ON document.menu_id=menu.id WHERE document.display = 1 AND menu.pid = 6  [ RunTime:0.0002s ]
INFO: [ view_parse ] --START--
INFO: [ template_filter ] --START--
INFO: Run Behavior\ContentReplaceBehavior [ RunTime:0.000052s ]
INFO: [ template_filter ] --END-- [ RunTime:0.000078s ]
NOTIC: [8] Undefined index: active /var/www/html/my_project/lab_manage/youyulabmanage/3/Runtime/Cache/Home/fe797fcc96d54429c740f456d122394d.php 第 47 行.
NOTIC: [8] Undefined index: active /var/www/html/my_project/lab_manage/youyulabmanage/3/Runtime/Cache/Home/fe797fcc96d54429c740f456d122394d.php 第 47 行.
NOTIC: [8] Undefined index: active /var/www/html/my_project/lab_manage/youyulabmanage/3/Runtime/Cache/Home/fe797fcc96d54429c740f456d122394d.php 第 47 行.
NOTIC: [8] Undefined index: active /var/www/html/my_project/lab_manage/youyulabmanage/3/Runtime/Cache/Home/fe797fcc96d54429c740f456d122394d.php 第 47 行.
NOTIC: [8] Undefined index: active /var/www/html/my_project/lab_manage/youyulabmanage/3/Runtime/Cache/Home/fe797fcc96d54429c740f456d122394d.php 第 47 行.
NOTIC: [8] Undefined index: active /var/www/html/my_project/lab_manage/youyulabmanage/3/Runtime/Cache/Home/fe797fcc96d54429c740f456d122394d.php 第 47 行.
NOTIC: [8] Undefined index: user /var/www/html/my_project/lab_manage/youyulabmanage/3/Runtime/Cache/Home/fe797fcc96d54429c740f456d122394d.php 第 50 行.
NOTIC: [8] Undefined index: active /var/www/html/my_project/lab_manage/youyulabmanage/3/Runtime/Cache/Home/fe797fcc96d54429c740f456d122394d.php 第 134 行.
SQL: SELECT COUNT(*) AS tp_count FROM `textyouyu_document` WHERE `menu_id` = 15 AND `status` = 1 AND `display` = 1 LIMIT 1   [ RunTime:0.0002s ]
NOTIC: [8] Undefined index: active /var/www/html/my_project/lab_manage/youyulabmanage/3/Runtime/Cache/Home/fe797fcc96d54429c740f456d122394d.php 第 134 行.
SQL: SELECT COUNT(*) AS tp_count FROM `textyouyu_document` WHERE `menu_id` = 16 AND `status` = 1 AND `display` = 1 LIMIT 1   [ RunTime:0.0001s ]
NOTIC: [8] Undefined index: active /var/www/html/my_project/lab_manage/youyulabmanage/3/Runtime/Cache/Home/fe797fcc96d54429c740f456d122394d.php 第 134 行.
SQL: SELECT COUNT(*) AS tp_count FROM `textyouyu_document` WHERE `menu_id` = 17 AND `status` = 1 AND `display` = 1 LIMIT 1   [ RunTime:0.0001s ]
NOTIC: [8] Undefined index: active /var/www/html/my_project/lab_manage/youyulabmanage/3/Runtime/Cache/Home/fe797fcc96d54429c740f456d122394d.php 第 134 行.
SQL: SELECT COUNT(*) AS tp_count FROM `textyouyu_document` WHERE `menu_id` = 18 AND `status` = 1 AND `display` = 1 LIMIT 1   [ RunTime:0.0001s ]
NOTIC: [8] Undefined index: active /var/www/html/my_project/lab_manage/youyulabmanage/3/Runtime/Cache/Home/fe797fcc96d54429c740f456d122394d.php 第 134 行.
SQL: SELECT COUNT(*) AS tp_count FROM `textyouyu_document` WHERE `menu_id` = 19 AND `status` = 1 AND `display` = 1 LIMIT 1   [ RunTime:0.0001s ]
SQL: SHOW COLUMNS FROM `textyouyu_picture` [ RunTime:0.0003s ]
SQL: SELECT `path` FROM `textyouyu_picture` WHERE `id` = 15 LIMIT 1   [ RunTime:0.0000s ]
INFO: Run Behavior\ParseTemplateBehavior [ RunTime:0.006179s ]
INFO: [ view_parse ] --END-- [ RunTime:0.006199s ]
INFO: [ view_filter ] --START--
INFO: Run Behavior\WriteHtmlCacheBehavior [ RunTime:0.000030s ]
INFO: [ view_filter ] --END-- [ RunTime:0.000046s ]
INFO: [ app_end ] --START--
INFO: Run Behavior\ShowPageTraceBehavior [ RunTime:0.000026s ]
INFO: [ app_end ] --END-- [ RunTime:0.000044s ]

[ 2015-04-27T16:18:13+08:00 ] 127.0.0.1 /my_project/lab_manage/youyulabmanage/3/index.php/Home/index/discus.html
INFO: [ app_init ] --START--
INFO: Run Behavior\BuildLiteBehavior [ RunTime:0.000008s ]
INFO: [ app_init ] --END-- [ RunTime:0.000053s ]
INFO: [ app_begin ] --START--
INFO: Run Behavior\ReadHtmlCacheBehavior [ RunTime:0.000023s ]
INFO: [ app_begin ] --END-- [ RunTime:0.000046s ]
SQL: SHOW COLUMNS FROM `textyouyu_config` [ RunTime:0.0005s ]
SQL: SELECT `type`,`name`,`value` FROM `textyouyu_config` WHERE `status` = 1  [ RunTime:0.0001s ]
SQL: SHOW COLUMNS FROM `textyouyu_menu` [ RunTime:0.0003s ]
SQL: SELECT * FROM `textyouyu_menu` WHERE `pid` = 0 AND `status` = 1 ORDER BY sort  [ RunTime:0.0001s ]
SQL: SELECT * FROM `textyouyu_menu` WHERE `pid` = 7 AND `status` = 1 ORDER BY sort  [ RunTime:0.0001s ]
SQL: SELECT `url` FROM `textyouyu_menu` WHERE `id` = 7 LIMIT 1   [ RunTime:0.0001s ]
SQL: SELECT `url` FROM `textyouyu_menu` WHERE `id` = 7 LIMIT 1   [ RunTime:0.0000s ]
SQL: SELECT `url` FROM `textyouyu_menu` WHERE `id` = 7 LIMIT 1   [ RunTime:0.0000s ]
SQL: SHOW COLUMNS FROM `textyouyu_document` [ RunTime:0.0005s ]
SQL: SHOW COLUMNS FROM `textyouyu_document_article` [ RunTime:0.0003s ]
SQL: SELECT COUNT(*) AS tp_count FROM textyouyu_document document  JOIN textyouyu_document_article document_article ON document.id=document_article.document_id  JOIN textyouyu_menu menu ON document.menu_id=menu.id WHERE document.display = 1 AND document.status = 1 AND document.position <> 2 AND menu.pid = 7 LIMIT 1   [ RunTime:0.0002s ]
SQL: SELECT document.id AS id,document.username AS username,document.title AS title,document.menu_id AS menu_id,document.display AS display,document.view AS view,document.create_time AS create_time,document.update_time AS update_time,document.description AS description,document.cover_id AS cover_id,document.status AS status,document.position AS position,document_article.document_id AS document_id,document_article.content AS content,menu.id AS mid,menu.pid AS pid FROM textyouyu_document document  JOIN textyouyu_document_article document_article ON document.id=document_article.document_id  JOIN textyouyu_menu menu ON document.menu_id=menu.id WHERE document.display = 1 AND document.status = 1 AND document.position <> 2 AND menu.pid = 7 ORDER BY comment desc LIMIT 0,10   [ RunTime:0.0004s ]
SQL: SELECT document.id AS id,document.username AS username,document.title AS title,document.menu_id AS menu_id,document.display AS display,document.view AS view,document.create_time AS create_time,document.update_time AS update_time,document.description AS description,document.cover_id AS cover_id,document.status AS status,document.position AS position,document_article.document_id AS document_id,document_article.content AS content,menu.id AS mid,menu.pid AS pid FROM textyouyu_document document  JOIN textyouyu_document_article document_article ON document.id=document_article.document_id  JOIN textyouyu_menu menu ON document.menu_id=menu.id WHERE document.position = 2 AND document.status = 1  [ RunTime:0.0002s ]
INFO: [ view_parse ] --START--
INFO: [ template_filter ] --START--
INFO: Run Behavior\ContentReplaceBehavior [ RunTime:0.000057s ]
INFO: [ template_filter ] --END-- [ RunTime:0.000079s ]
NOTIC: [8] Undefined index: active /var/www/html/my_project/lab_manage/youyulabmanage/3/Runtime/Cache/Home/184b30bf65467d6133a96ca4d92d599f.php 第 47 行.
NOTIC: [8] Undefined index: active /var/www/html/my_project/lab_manage/youyulabmanage/3/Runtime/Cache/Home/184b30bf65467d6133a96ca4d92d599f.php 第 47 行.
NOTIC: [8] Undefined index: active /var/www/html/my_project/lab_manage/youyulabmanage/3/Runtime/Cache/Home/184b30bf65467d6133a96ca4d92d599f.php 第 47 行.
NOTIC: [8] Undefined index: active /var/www/html/my_project/lab_manage/youyulabmanage/3/Runtime/Cache/Home/184b30bf65467d6133a96ca4d92d599f.php 第 47 行.
NOTIC: [8] Undefined index: active /var/www/html/my_project/lab_manage/youyulabmanage/3/Runtime/Cache/Home/184b30bf65467d6133a96ca4d92d599f.php 第 47 行.
NOTIC: [8] Undefined index: active /var/www/html/my_project/lab_manage/youyulabmanage/3/Runtime/Cache/Home/184b30bf65467d6133a96ca4d92d599f.php 第 47 行.
NOTIC: [8] Undefined index: user /var/www/html/my_project/lab_manage/youyulabmanage/3/Runtime/Cache/Home/184b30bf65467d6133a96ca4d92d599f.php 第 50 行.
NOTIC: [8] Undefined index: active /var/www/html/my_project/lab_manage/youyulabmanage/3/Runtime/Cache/Home/184b30bf65467d6133a96ca4d92d599f.php 第 134 行.
SQL: SELECT COUNT(*) AS tp_count FROM `textyouyu_document` WHERE `menu_id` = 20 AND `status` = 1 AND `display` = 1 LIMIT 1   [ RunTime:0.0001s ]
NOTIC: [8] Undefined index: active /var/www/html/my_project/lab_manage/youyulabmanage/3/Runtime/Cache/Home/184b30bf65467d6133a96ca4d92d599f.php 第 134 行.
SQL: SELECT COUNT(*) AS tp_count FROM `textyouyu_document` WHERE `menu_id` = 21 AND `status` = 1 AND `display` = 1 LIMIT 1   [ RunTime:0.0001s ]
NOTIC: [8] Undefined index: active /var/www/html/my_project/lab_manage/youyulabmanage/3/Runtime/Cache/Home/184b30bf65467d6133a96ca4d92d599f.php 第 134 行.
SQL: SELECT COUNT(*) AS tp_count FROM `textyouyu_document` WHERE `menu_id` = 22 AND `status` = 1 AND `display` = 1 LIMIT 1   [ RunTime:0.0001s ]
SQL: SHOW COLUMNS FROM `textyouyu_user` [ RunTime:0.0004s ]
SQL: SELECT `cover_id` FROM `textyouyu_user` WHERE `username` = '游渔' LIMIT 1   [ RunTime:0.0001s ]
SQL: SHOW COLUMNS FROM `textyouyu_picture` [ RunTime:0.0003s ]
SQL: SELECT `path` FROM `textyouyu_picture` WHERE `id` = null LIMIT 1   [ RunTime:0.0000s ]
SQL: SELECT `name` FROM `textyouyu_menu` WHERE `id` = 20 LIMIT 1   [ RunTime:0.0001s ]
SQL: SHOW COLUMNS FROM `textyouyu_comment` [ RunTime:0.0002s ]
SQL: SELECT COUNT(*) AS tp_count FROM `textyouyu_comment` WHERE `document_id` = 10 LIMIT 1   [ RunTime:0.0000s ]
INFO: Run Behavior\ParseTemplateBehavior [ RunTime:0.006663s ]
INFO: [ view_parse ] --END-- [ RunTime:0.006680s ]
INFO: [ view_filter ] --START--
INFO: Run Behavior\WriteHtmlCacheBehavior [ RunTime:0.000022s ]
INFO: [ view_filter ] --END-- [ RunTime:0.000035s ]
INFO: [ app_end ] --START--
INFO: Run Behavior\ShowPageTraceBehavior [ RunTime:0.000018s ]
INFO: [ app_end ] --END-- [ RunTime:0.000034s ]

[ 2015-04-27T16:18:16+08:00 ] 127.0.0.1 /my_project/lab_manage/youyulabmanage/3/index.php/Home/User/login.html
INFO: [ app_init ] --START--
INFO: Run Behavior\BuildLiteBehavior [ RunTime:0.000009s ]
INFO: [ app_init ] --END-- [ RunTime:0.000057s ]
INFO: [ app_begin ] --START--
INFO: Run Behavior\ReadHtmlCacheBehavior [ RunTime:0.000024s ]
INFO: [ app_begin ] --END-- [ RunTime:0.000045s ]
SQL: SHOW COLUMNS FROM `textyouyu_config` [ RunTime:0.0005s ]
SQL: SELECT `type`,`name`,`value` FROM `textyouyu_config` WHERE `status` = 1  [ RunTime:0.0000s ]
SQL: SHOW COLUMNS FROM `textyouyu_menu` [ RunTime:0.0003s ]
SQL: SELECT * FROM `textyouyu_menu` WHERE `pid` = 0 AND `status` = 1 ORDER BY sort  [ RunTime:0.0001s ]
SQL: SHOW COLUMNS FROM `textyouyu_user` [ RunTime:0.0008s ]
SQL: SELECT * FROM `textyouyu_user` WHERE `email` = '1' LIMIT 1   [ RunTime:0.0001s ]
SQL: UPDATE `textyouyu_user` SET `last_login_time`='1430122696',`last_login_ip`='2130706433',`login`='1' WHERE `uid` = 1 [ RunTime:0.0001s ]

[ 2015-04-27T16:18:16+08:00 ] 127.0.0.1 /my_project/lab_manage/youyulabmanage/3/index.php/Home/Index/index.html
INFO: [ app_init ] --START--
INFO: Run Behavior\BuildLiteBehavior [ RunTime:0.000009s ]
INFO: [ app_init ] --END-- [ RunTime:0.000056s ]
INFO: [ app_begin ] --START--
INFO: Run Behavior\ReadHtmlCacheBehavior [ RunTime:0.000023s ]
INFO: [ app_begin ] --END-- [ RunTime:0.000046s ]
SQL: SHOW COLUMNS FROM `textyouyu_config` [ RunTime:0.0012s ]
SQL: SELECT `type`,`name`,`value` FROM `textyouyu_config` WHERE `status` = 1  [ RunTime:0.0002s ]
SQL: SHOW COLUMNS FROM `textyouyu_menu` [ RunTime:0.0009s ]
SQL: SELECT * FROM `textyouyu_menu` WHERE `pid` = 0 AND `status` = 1 ORDER BY sort  [ RunTime:0.0001s ]
SQL: SHOW COLUMNS FROM `textyouyu_lab_top` [ RunTime:0.0009s ]
SQL: SELECT * FROM `textyouyu_lab_top` WHERE ( status=1 AND class=1 ) ORDER BY sort LIMIT 3   [ RunTime:0.0002s ]
SQL: SELECT * FROM `textyouyu_lab_top` WHERE ( status=1 AND class=2 ) ORDER BY sort LIMIT 3   [ RunTime:0.0001s ]
SQL: SELECT * FROM `textyouyu_lab_top` WHERE ( status=1 AND class=3 ) ORDER BY sort  [ RunTime:0.0001s ]
INFO: [ view_parse ] --START--
INFO: [ template_filter ] --START--
INFO: Run Behavior\ContentReplaceBehavior [ RunTime:0.000068s ]
INFO: [ template_filter ] --END-- [ RunTime:0.000157s ]
NOTIC: [8] Undefined index: active /var/www/html/my_project/lab_manage/youyulabmanage/3/Runtime/Cache/Home/00e52909bed743ea261af4b6823297ff.php 第 47 行.
NOTIC: [8] Undefined index: active /var/www/html/my_project/lab_manage/youyulabmanage/3/Runtime/Cache/Home/00e52909bed743ea261af4b6823297ff.php 第 47 行.
NOTIC: [8] Undefined index: active /var/www/html/my_project/lab_manage/youyulabmanage/3/Runtime/Cache/Home/00e52909bed743ea261af4b6823297ff.php 第 47 行.
NOTIC: [8] Undefined index: active /var/www/html/my_project/lab_manage/youyulabmanage/3/Runtime/Cache/Home/00e52909bed743ea261af4b6823297ff.php 第 47 行.
NOTIC: [8] Undefined index: active /var/www/html/my_project/lab_manage/youyulabmanage/3/Runtime/Cache/Home/00e52909bed743ea261af4b6823297ff.php 第 47 行.
NOTIC: [8] Undefined index: active /var/www/html/my_project/lab_manage/youyulabmanage/3/Runtime/Cache/Home/00e52909bed743ea261af4b6823297ff.php 第 47 行.
SQL: SHOW COLUMNS FROM `textyouyu_picture` [ RunTime:0.0007s ]
SQL: SELECT `path` FROM `textyouyu_picture` WHERE `id` = 1 LIMIT 1   [ RunTime:0.0001s ]
SQL: SELECT `path` FROM `textyouyu_picture` WHERE `id` = 2 LIMIT 1   [ RunTime:0.0001s ]
SQL: SELECT `path` FROM `textyouyu_picture` WHERE `id` = 3 LIMIT 1   [ RunTime:0.0001s ]
SQL: SELECT `path` FROM `textyouyu_picture` WHERE `id` = 4 LIMIT 1   [ RunTime:0.0001s ]
SQL: SELECT `path` FROM `textyouyu_picture` WHERE `id` = 5 LIMIT 1   [ RunTime:0.0001s ]
SQL: SELECT `path` FROM `textyouyu_picture` WHERE `id` = 6 LIMIT 1   [ RunTime:0.0001s ]
SQL: SELECT `path` FROM `textyouyu_picture` WHERE `id` = 7 LIMIT 1   [ RunTime:0.0001s ]
SQL: SELECT `path` FROM `textyouyu_picture` WHERE `id` = 8 LIMIT 1   [ RunTime:0.0001s ]
INFO: Run Behavior\ParseTemplateBehavior [ RunTime:0.010724s ]
INFO: [ view_parse ] --END-- [ RunTime:0.010761s ]
INFO: [ view_filter ] --START--
INFO: Run Behavior\WriteHtmlCacheBehavior [ RunTime:0.000089s ]
INFO: [ view_filter ] --END-- [ RunTime:0.000117s ]
INFO: [ app_end ] --START--
INFO: Run Behavior\ShowPageTraceBehavior [ RunTime:0.000085s ]
INFO: [ app_end ] --END-- [ RunTime:0.000127s ]

